
UsersController
  GET #edit
    ログインユーザーの場合
[32m      レスポンスが成功すること[0m
[32m      @userが正しく設定されていること[0m

Bookモデルのテスト
  バリデーションのテスト
    titleカラム
[32m      空欄でないこと[0m
    bodyカラム
[32m      空欄でないこと[0m
[32m      200文字以下であること: 200文字は〇[0m
[32m      200文字以下であること: 201文字は×[0m
  アソシエーションのテスト
    Userモデルとの関係
[32m      N:1となっている[0m

Userモデルのテスト
  バリデーションのテスト
    nameカラム
[32m      空欄でないこと[0m
[32m      2文字以上であること: 1文字は×[0m
[32m      2文字以上であること: 2文字は〇[0m
[32m      20文字以下であること: 20文字は〇[0m
[32m      20文字以下であること: 21文字は×[0m
[32m      一意性があること[0m
    introductionカラム
[32m      50文字以下であること: 50文字は〇[0m
[32m      50文字以下であること: 51文字は×[0m
  アソシエーションのテスト
    Bookモデルとの関係
[32m      1:Nとなっている[0m

[STEP1] ユーザログイン前のテスト
  トップ画面のテスト
    表示内容の確認
[32m      URLが正しい[0m
[32m      Log inリンクが表示される: 青色のボタンの表示が「Log in」である[0m
[32m      Log inリンクの内容が正しい[0m
[32m      Sign upリンクが表示される: 緑色のボタンの表示が「Sign up」である[0m
[32m      Sign upリンクの内容が正しい[0m
  アバウト画面のテスト
    表示内容の確認
[32m      URLが正しい[0m
  ヘッダーのテスト: ログインしていない場合
    表示内容の確認
[32m      Bookersリンクが表示される: 左上から1番目のリンクが「Bookers」である[0m
[32m      Homeリンクが表示される: 左上から2番目のリンクが「Home」である[0m
[32m      Aboutリンクが表示される: 左上から3番目のリンクが「About」である[0m
[32m      Sign upリンクが表示される: 左上から4番目のリンクが「Sign up」である[0m
[32m      Log inリンクが表示される: 左上から5番目のリンクが「Log in」である[0m
    リンクの内容を確認
[32m      Bookersを押すと、トップ画面に遷移する[0m
[32m      Homeを押すと、トップ画面に遷移する[0m
[32m      Aboutを押すと、アバウト画面に遷移する[0m
[32m      Sign upを押すと、新規登録画面に遷移する[0m
[32m      Log inを押すと、ログイン画面に遷移する[0m
  ユーザ新規登録のテスト
    表示内容の確認
[32m      URLが正しい[0m

Finished in 2.41 seconds (files took 3.37 seconds to load)
[32m33 examples, 0 failures[0m

